{"total": {"lines":{"total":680,"covered":117,"skipped":0,"pct":17.21},"statements":{"total":718,"covered":129,"skipped":0,"pct":17.97},"functions":{"total":192,"covered":33,"skipped":0,"pct":17.19},"branches":{"total":251,"covered":50,"skipped":0,"pct":19.92}}
,"/Users/julien.froidefond/Sites/strapi-bookmarks/build/webpack:/src/js/background.js": {"lines":{"total":75,"covered":0,"skipped":0,"pct":0},"functions":{"total":8,"covered":0,"skipped":0,"pct":0},"statements":{"total":76,"covered":0,"skipped":0,"pct":0},"branches":{"total":25,"covered":0,"skipped":0,"pct":0}}
,"/Users/julien.froidefond/Sites/strapi-bookmarks/build/webpack:/src/js/bookmarkHandler.js": {"lines":{"total":70,"covered":0,"skipped":0,"pct":0},"functions":{"total":36,"covered":0,"skipped":0,"pct":0},"statements":{"total":71,"covered":0,"skipped":0,"pct":0},"branches":{"total":22,"covered":0,"skipped":0,"pct":0}}
,"/Users/julien.froidefond/Sites/strapi-bookmarks/build/webpack:/src/js/options.js": {"lines":{"total":25,"covered":0,"skipped":0,"pct":0},"functions":{"total":4,"covered":0,"skipped":0,"pct":0},"statements":{"total":25,"covered":0,"skipped":0,"pct":0},"branches":{"total":0,"covered":0,"skipped":0,"pct":100}}
,"/Users/julien.froidefond/Sites/strapi-bookmarks/build/webpack:/src/js/popup.core.js": {"lines":{"total":62,"covered":0,"skipped":0,"pct":0},"functions":{"total":7,"covered":0,"skipped":0,"pct":0},"statements":{"total":62,"covered":0,"skipped":0,"pct":0},"branches":{"total":10,"covered":0,"skipped":0,"pct":0}}
,"/Users/julien.froidefond/Sites/strapi-bookmarks/build/webpack:/src/js/popup.js": {"lines":{"total":3,"covered":0,"skipped":0,"pct":0},"functions":{"total":0,"covered":0,"skipped":0,"pct":100},"statements":{"total":3,"covered":0,"skipped":0,"pct":0},"branches":{"total":0,"covered":0,"skipped":0,"pct":100}}
,"/Users/julien.froidefond/Sites/strapi-bookmarks/build/webpack:/src/js/strapi/api.js": {"lines":{"total":16,"covered":0,"skipped":0,"pct":0},"functions":{"total":11,"covered":0,"skipped":0,"pct":0},"statements":{"total":16,"covered":0,"skipped":0,"pct":0},"branches":{"total":8,"covered":0,"skipped":0,"pct":0}}
,"/Users/julien.froidefond/Sites/strapi-bookmarks/build/webpack:/src/js/strapi/provider.js": {"lines":{"total":11,"covered":0,"skipped":0,"pct":0},"functions":{"total":3,"covered":0,"skipped":0,"pct":0},"statements":{"total":11,"covered":0,"skipped":0,"pct":0},"branches":{"total":2,"covered":0,"skipped":0,"pct":0}}
,"/Users/julien.froidefond/Sites/strapi-bookmarks/build/webpack:/src/js/utils/actions.js": {"lines":{"total":12,"covered":0,"skipped":0,"pct":0},"functions":{"total":6,"covered":0,"skipped":0,"pct":0},"statements":{"total":12,"covered":0,"skipped":0,"pct":0},"branches":{"total":6,"covered":0,"skipped":0,"pct":0}}
,"/Users/julien.froidefond/Sites/strapi-bookmarks/build/webpack:/src/js/utils/config.js": {"lines":{"total":17,"covered":0,"skipped":0,"pct":0},"functions":{"total":7,"covered":0,"skipped":0,"pct":0},"statements":{"total":17,"covered":0,"skipped":0,"pct":0},"branches":{"total":3,"covered":0,"skipped":0,"pct":0}}
,"/Users/julien.froidefond/Sites/strapi-bookmarks/build/webpack:/src/js/utils/dom.js": {"lines":{"total":9,"covered":0,"skipped":0,"pct":0},"functions":{"total":4,"covered":0,"skipped":0,"pct":0},"statements":{"total":10,"covered":0,"skipped":0,"pct":0},"branches":{"total":2,"covered":0,"skipped":0,"pct":0}}
,"/Users/julien.froidefond/Sites/strapi-bookmarks/build/webpack:/src/js/utils/graph.js": {"lines":{"total":27,"covered":0,"skipped":0,"pct":0},"functions":{"total":5,"covered":0,"skipped":0,"pct":0},"statements":{"total":27,"covered":0,"skipped":0,"pct":0},"branches":{"total":35,"covered":0,"skipped":0,"pct":0}}
,"/Users/julien.froidefond/Sites/strapi-bookmarks/build/webpack:/src/js/utils/time.js": {"lines":{"total":6,"covered":0,"skipped":0,"pct":0},"functions":{"total":3,"covered":0,"skipped":0,"pct":0},"statements":{"total":6,"covered":0,"skipped":0,"pct":0},"branches":{"total":4,"covered":0,"skipped":0,"pct":0}}
,"/Users/julien.froidefond/Sites/strapi-bookmarks/src/js/background.js": {"lines":{"total":75,"covered":0,"skipped":0,"pct":0},"functions":{"total":9,"covered":0,"skipped":0,"pct":0},"statements":{"total":81,"covered":0,"skipped":0,"pct":0},"branches":{"total":25,"covered":0,"skipped":0,"pct":0}}
,"/Users/julien.froidefond/Sites/strapi-bookmarks/src/js/bookmarkHandler.js": {"lines":{"total":69,"covered":0,"skipped":0,"pct":0},"functions":{"total":37,"covered":0,"skipped":0,"pct":0},"statements":{"total":78,"covered":0,"skipped":0,"pct":0},"branches":{"total":24,"covered":0,"skipped":0,"pct":0}}
,"/Users/julien.froidefond/Sites/strapi-bookmarks/src/js/options.js": {"lines":{"total":25,"covered":0,"skipped":0,"pct":0},"functions":{"total":4,"covered":0,"skipped":0,"pct":0},"statements":{"total":25,"covered":0,"skipped":0,"pct":0},"branches":{"total":0,"covered":0,"skipped":0,"pct":100}}
,"/Users/julien.froidefond/Sites/strapi-bookmarks/src/js/popup.core.js": {"lines":{"total":62,"covered":38,"skipped":0,"pct":61.29},"functions":{"total":7,"covered":4,"skipped":0,"pct":57.14},"statements":{"total":63,"covered":39,"skipped":0,"pct":61.9},"branches":{"total":12,"covered":6,"skipped":0,"pct":50}}
,"/Users/julien.froidefond/Sites/strapi-bookmarks/src/js/popup.js": {"lines":{"total":3,"covered":0,"skipped":0,"pct":0},"functions":{"total":0,"covered":0,"skipped":0,"pct":100},"statements":{"total":3,"covered":0,"skipped":0,"pct":0},"branches":{"total":0,"covered":0,"skipped":0,"pct":100}}
,"/Users/julien.froidefond/Sites/strapi-bookmarks/src/js/strapi/api.js": {"lines":{"total":16,"covered":16,"skipped":0,"pct":100},"functions":{"total":11,"covered":11,"skipped":0,"pct":100},"statements":{"total":18,"covered":17,"skipped":0,"pct":94.44},"branches":{"total":8,"covered":7,"skipped":0,"pct":87.5}}
,"/Users/julien.froidefond/Sites/strapi-bookmarks/src/js/strapi/provider.js": {"lines":{"total":11,"covered":11,"skipped":0,"pct":100},"functions":{"total":3,"covered":3,"skipped":0,"pct":100},"statements":{"total":12,"covered":12,"skipped":0,"pct":100},"branches":{"total":2,"covered":2,"skipped":0,"pct":100}}
,"/Users/julien.froidefond/Sites/strapi-bookmarks/src/js/utils/actions.js": {"lines":{"total":12,"covered":6,"skipped":0,"pct":50},"functions":{"total":6,"covered":0,"skipped":0,"pct":0},"statements":{"total":14,"covered":6,"skipped":0,"pct":42.86},"branches":{"total":6,"covered":0,"skipped":0,"pct":0}}
,"/Users/julien.froidefond/Sites/strapi-bookmarks/src/js/utils/config.js": {"lines":{"total":17,"covered":17,"skipped":0,"pct":100},"functions":{"total":8,"covered":8,"skipped":0,"pct":100},"statements":{"total":19,"covered":19,"skipped":0,"pct":100},"branches":{"total":3,"covered":3,"skipped":0,"pct":100}}
,"/Users/julien.froidefond/Sites/strapi-bookmarks/src/js/utils/dom.js": {"lines":{"total":9,"covered":8,"skipped":0,"pct":88.89},"functions":{"total":4,"covered":4,"skipped":0,"pct":100},"statements":{"total":10,"covered":9,"skipped":0,"pct":90},"branches":{"total":2,"covered":1,"skipped":0,"pct":50}}
,"/Users/julien.froidefond/Sites/strapi-bookmarks/src/js/utils/graph.js": {"lines":{"total":23,"covered":18,"skipped":0,"pct":78.26},"functions":{"total":5,"covered":3,"skipped":0,"pct":60},"statements":{"total":31,"covered":24,"skipped":0,"pct":77.42},"branches":{"total":40,"covered":31,"skipped":0,"pct":77.5}}
,"/Users/julien.froidefond/Sites/strapi-bookmarks/src/js/utils/time.js": {"lines":{"total":6,"covered":0,"skipped":0,"pct":0},"functions":{"total":3,"covered":0,"skipped":0,"pct":0},"statements":{"total":8,"covered":0,"skipped":0,"pct":0},"branches":{"total":4,"covered":0,"skipped":0,"pct":0}}
,"/Users/julien.froidefond/Sites/strapi-bookmarks/utils/build.js": {"lines":{"total":4,"covered":0,"skipped":0,"pct":0},"functions":{"total":1,"covered":0,"skipped":0,"pct":0},"statements":{"total":5,"covered":0,"skipped":0,"pct":0},"branches":{"total":2,"covered":0,"skipped":0,"pct":0}}
,"/Users/julien.froidefond/Sites/strapi-bookmarks/utils/env.js": {"lines":{"total":1,"covered":0,"skipped":0,"pct":0},"functions":{"total":0,"covered":0,"skipped":0,"pct":100},"statements":{"total":1,"covered":0,"skipped":0,"pct":0},"branches":{"total":4,"covered":0,"skipped":0,"pct":0}}
,"/Users/julien.froidefond/Sites/strapi-bookmarks/utils/mocha.js": {"lines":{"total":3,"covered":3,"skipped":0,"pct":100},"functions":{"total":0,"covered":0,"skipped":0,"pct":100},"statements":{"total":3,"covered":3,"skipped":0,"pct":100},"branches":{"total":0,"covered":0,"skipped":0,"pct":100}}
,"/Users/julien.froidefond/Sites/strapi-bookmarks/utils/webserver.js": {"lines":{"total":11,"covered":0,"skipped":0,"pct":0},"functions":{"total":0,"covered":0,"skipped":0,"pct":100},"statements":{"total":11,"covered":0,"skipped":0,"pct":0},"branches":{"total":2,"covered":0,"skipped":0,"pct":0}}
}
