{"total": {"lines":{"total":957,"covered":124,"skipped":0,"pct":12.96},"statements":{"total":1042,"covered":135,"skipped":0,"pct":12.96},"functions":{"total":338,"covered":36,"skipped":0,"pct":10.65},"branches":{"total":344,"covered":52,"skipped":0,"pct":15.12}}
,"/Users/julien.froidefond/Sites/strapi-bookmarks/build/background.bundle.js": {"lines":{"total":297,"covered":0,"skipped":0,"pct":0},"functions":{"total":115,"covered":0,"skipped":0,"pct":0},"statements":{"total":326,"covered":0,"skipped":0,"pct":0},"branches":{"total":122,"covered":0,"skipped":0,"pct":0}}
,"/Users/julien.froidefond/Sites/strapi-bookmarks/build/options.bundle.js": {"lines":{"total":125,"covered":0,"skipped":0,"pct":0},"functions":{"total":48,"covered":0,"skipped":0,"pct":0},"statements":{"total":137,"covered":0,"skipped":0,"pct":0},"branches":{"total":43,"covered":0,"skipped":0,"pct":0}}
,"/Users/julien.froidefond/Sites/strapi-bookmarks/build/popup.bundle.js": {"lines":{"total":187,"covered":0,"skipped":0,"pct":0},"functions":{"total":73,"covered":0,"skipped":0,"pct":0},"statements":{"total":198,"covered":0,"skipped":0,"pct":0},"branches":{"total":45,"covered":0,"skipped":0,"pct":0}}
,"/Users/julien.froidefond/Sites/strapi-bookmarks/src/js/background.js": {"lines":{"total":79,"covered":0,"skipped":0,"pct":0},"functions":{"total":9,"covered":0,"skipped":0,"pct":0},"statements":{"total":83,"covered":0,"skipped":0,"pct":0},"branches":{"total":26,"covered":0,"skipped":0,"pct":0}}
,"/Users/julien.froidefond/Sites/strapi-bookmarks/src/js/bookmarkHandler.js": {"lines":{"total":68,"covered":0,"skipped":0,"pct":0},"functions":{"total":39,"covered":0,"skipped":0,"pct":0},"statements":{"total":77,"covered":0,"skipped":0,"pct":0},"branches":{"total":24,"covered":0,"skipped":0,"pct":0}}
,"/Users/julien.froidefond/Sites/strapi-bookmarks/src/js/options.js": {"lines":{"total":25,"covered":0,"skipped":0,"pct":0},"functions":{"total":4,"covered":0,"skipped":0,"pct":0},"statements":{"total":25,"covered":0,"skipped":0,"pct":0},"branches":{"total":0,"covered":0,"skipped":0,"pct":100}}
,"/Users/julien.froidefond/Sites/strapi-bookmarks/src/js/popup.core.js": {"lines":{"total":60,"covered":38,"skipped":0,"pct":63.33},"functions":{"total":9,"covered":4,"skipped":0,"pct":44.44},"statements":{"total":61,"covered":39,"skipped":0,"pct":63.93},"branches":{"total":12,"covered":6,"skipped":0,"pct":50}}
,"/Users/julien.froidefond/Sites/strapi-bookmarks/src/js/popup.js": {"lines":{"total":3,"covered":0,"skipped":0,"pct":0},"functions":{"total":0,"covered":0,"skipped":0,"pct":100},"statements":{"total":3,"covered":0,"skipped":0,"pct":0},"branches":{"total":0,"covered":0,"skipped":0,"pct":100}}
,"/Users/julien.froidefond/Sites/strapi-bookmarks/src/js/strapi/api.js": {"lines":{"total":16,"covered":16,"skipped":0,"pct":100},"functions":{"total":11,"covered":11,"skipped":0,"pct":100},"statements":{"total":18,"covered":17,"skipped":0,"pct":94.44},"branches":{"total":8,"covered":7,"skipped":0,"pct":87.5}}
,"/Users/julien.froidefond/Sites/strapi-bookmarks/src/js/strapi/provider.js": {"lines":{"total":10,"covered":10,"skipped":0,"pct":100},"functions":{"total":3,"covered":3,"skipped":0,"pct":100},"statements":{"total":11,"covered":11,"skipped":0,"pct":100},"branches":{"total":2,"covered":2,"skipped":0,"pct":100}}
,"/Users/julien.froidefond/Sites/strapi-bookmarks/src/js/utils/actions.js": {"lines":{"total":11,"covered":6,"skipped":0,"pct":54.55},"functions":{"total":6,"covered":0,"skipped":0,"pct":0},"statements":{"total":14,"covered":6,"skipped":0,"pct":42.86},"branches":{"total":5,"covered":0,"skipped":0,"pct":0}}
,"/Users/julien.froidefond/Sites/strapi-bookmarks/src/js/utils/config.js": {"lines":{"total":18,"covered":18,"skipped":0,"pct":100},"functions":{"total":8,"covered":8,"skipped":0,"pct":100},"statements":{"total":20,"covered":20,"skipped":0,"pct":100},"branches":{"total":3,"covered":3,"skipped":0,"pct":100}}
,"/Users/julien.froidefond/Sites/strapi-bookmarks/src/js/utils/dom.js": {"lines":{"total":9,"covered":8,"skipped":0,"pct":88.89},"functions":{"total":4,"covered":4,"skipped":0,"pct":100},"statements":{"total":10,"covered":9,"skipped":0,"pct":90},"branches":{"total":2,"covered":1,"skipped":0,"pct":50}}
,"/Users/julien.froidefond/Sites/strapi-bookmarks/src/js/utils/graph.js": {"lines":{"total":24,"covered":19,"skipped":0,"pct":79.17},"functions":{"total":5,"covered":3,"skipped":0,"pct":60},"statements":{"total":31,"covered":24,"skipped":0,"pct":77.42},"branches":{"total":40,"covered":31,"skipped":0,"pct":77.5}}
,"/Users/julien.froidefond/Sites/strapi-bookmarks/src/js/utils/time.js": {"lines":{"total":6,"covered":6,"skipped":0,"pct":100},"functions":{"total":3,"covered":3,"skipped":0,"pct":100},"statements":{"total":8,"covered":6,"skipped":0,"pct":75},"branches":{"total":4,"covered":2,"skipped":0,"pct":50}}
,"/Users/julien.froidefond/Sites/strapi-bookmarks/utils/build.js": {"lines":{"total":4,"covered":0,"skipped":0,"pct":0},"functions":{"total":1,"covered":0,"skipped":0,"pct":0},"statements":{"total":5,"covered":0,"skipped":0,"pct":0},"branches":{"total":2,"covered":0,"skipped":0,"pct":0}}
,"/Users/julien.froidefond/Sites/strapi-bookmarks/utils/env.js": {"lines":{"total":1,"covered":0,"skipped":0,"pct":0},"functions":{"total":0,"covered":0,"skipped":0,"pct":100},"statements":{"total":1,"covered":0,"skipped":0,"pct":0},"branches":{"total":4,"covered":0,"skipped":0,"pct":0}}
,"/Users/julien.froidefond/Sites/strapi-bookmarks/utils/mocha.js": {"lines":{"total":3,"covered":3,"skipped":0,"pct":100},"functions":{"total":0,"covered":0,"skipped":0,"pct":100},"statements":{"total":3,"covered":3,"skipped":0,"pct":100},"branches":{"total":0,"covered":0,"skipped":0,"pct":100}}
,"/Users/julien.froidefond/Sites/strapi-bookmarks/utils/webserver.js": {"lines":{"total":11,"covered":0,"skipped":0,"pct":0},"functions":{"total":0,"covered":0,"skipped":0,"pct":100},"statements":{"total":11,"covered":0,"skipped":0,"pct":0},"branches":{"total":2,"covered":0,"skipped":0,"pct":0}}
}
